app/build/outputs/mapping/release/seeds.txt
com.spark.mistore.QFinderApp
com.spark.mistore.QFinderApp: QFinderApp()
com.spark.mistore.R$anim: int abc_fade_in
com.spark.mistore.R$anim: int abc_fade_out
com.spark.mistore.R$anim: int abc_grow_fade_in_from_bottom
com.spark.mistore.R$anim: int abc_popup_enter
com.spark.mistore.R$anim: int abc_popup_exit
com.spark.mistore.R$anim: int abc_shrink_fade_out_from_bottom
com.spark.mistore.R$anim: int abc_slide_in_bottom
com.spark.mistore.R$anim: int abc_slide_in_top
com.spark.mistore.R$anim: int abc_slide_out_bottom
com.spark.mistore.R$anim: int abc_slide_out_top
com.spark.mistore.R$anim: int abc_tooltip_enter
com.spark.mistore.R$anim: int abc_tooltip_exit
com.spark.mistore.R$anim: int design_bottom_sheet_slide_in
com.spark.mistore.R$anim: int design_bottom_sheet_slide_out
com.spark.mistore.R$anim: int design_snackbar_in
com.spark.mistore.R$anim: int design_snackbar_out
com.spark.mistore.R$animator: int design_appbar_state_list_animator
com.spark.mistore.R$attr: int actionBarDivider
com.spark.mistore.R$attr: int actionBarItemBackground
com.spark.mistore.R$attr: int actionBarPopupTheme
com.spark.mistore.R$attr: int actionBarSize
com.spark.mistore.R$attr: int actionBarSplitStyle
com.spark.mistore.R$attr: int actionBarStyle
com.spark.mistore.R$attr: int actionBarTabBarStyle
com.spark.mistore.R$attr: int actionBarTabStyle
com.spark.mistore.R$attr: int actionBarTabTextStyle
com.spark.mistore.R$attr: int actionBarTheme
com.spark.mistore.R$attr: int actionBarWidgetTheme
com.spark.mistore.R$attr: int actionButtonStyle
com.spark.mistore.R$attr: int actionDropDownStyle
com.spark.mistore.R$attr: int actionLayout
com.spark.mistore.R$attr: int actionMenuTextAppearance
com.spark.mistore.R$attr: int actionMenuTextColor
com.spark.mistore.R$attr: int actionModeBackground
com.spark.mistore.R$attr: int actionModeCloseButtonStyle
com.spark.mistore.R$attr: int actionModeCloseDrawable
com.spark.mistore.R$attr: int actionModeCopyDrawable
com.spark.mistore.R$attr: int actionModeCutDrawable
com.spark.mistore.R$attr: int actionModeFindDrawable
com.spark.mistore.R$attr: int actionModePasteDrawable
com.spark.mistore.R$attr: int actionModePopupWindowStyle
com.spark.mistore.R$attr: int actionModeSelectAllDrawable
com.spark.mistore.R$attr: int actionModeShareDrawable
com.spark.mistore.R$attr: int actionModeSplitBackground
com.spark.mistore.R$attr: int actionModeStyle
com.spark.mistore.R$attr: int actionModeWebSearchDrawable
com.spark.mistore.R$bool: int abc_action_bar_embed_tabs
com.spark.mistore.R$bool: int abc_allow_stacked_button_bar
com.spark.mistore.R$bool: int abc_config_actionMenuItemAllCaps
com.spark.mistore.R$bool: int abc_config_showMenuShortcutsWhenKeyboardPresent
...
io.reactivex.internal.operators.single.SingleInternalHelper$NoSuchElementCallable: io.reactivex.internal.operators.single.SingleInternalHelper$NoSuchElementCallable[] values()
io.reactivex.internal.operators.single.SingleInternalHelper$NoSuchElementCallable: io.reactivex.internal.operators.single.SingleInternalHelper$NoSuchElementCallable valueOf(java.lang.String)
io.reactivex.internal.operators.single.SingleInternalHelper$ToFlowable: io.reactivex.internal.operators.single.SingleInternalHelper$ToFlowable[] values()
io.reactivex.internal.operators.single.SingleInternalHelper$ToFlowable: io.reactivex.internal.operators.single.SingleInternalHelper$ToFlowable valueOf(java.lang.String)
io.reactivex.internal.operators.single.SingleInternalHelper$ToObservable: io.reactivex.internal.operators.single.SingleInternalHelper$ToObservable[] values()
io.reactivex.internal.operators.single.SingleInternalHelper$ToObservable: io.reactivex.internal.operators.single.SingleInternalHelper$ToObservable valueOf(java.lang.String)
io.reactivex.internal.subscriptions.EmptySubscription: io.reactivex.internal.subscriptions.EmptySubscription[] values()
io.reactivex.internal.subscriptions.EmptySubscription: io.reactivex.internal.subscriptions.EmptySubscription valueOf(java.lang.String)
io.reactivex.internal.subscriptions.SubscriptionHelper: io.reactivex.internal.subscriptions.SubscriptionHelper[] values()
io.reactivex.internal.subscriptions.SubscriptionHelper: io.reactivex.internal.subscriptions.SubscriptionHelper valueOf(java.lang.String)
io.reactivex.internal.util.ArrayListSupplier: io.reactivex.internal.util.ArrayListSupplier[] values()
io.reactivex.internal.util.ArrayListSupplier: io.reactivex.internal.util.ArrayListSupplier valueOf(java.lang.String)
io.reactivex.internal.util.EmptyComponent: io.reactivex.internal.util.EmptyComponent[] values()
io.reactivex.internal.util.EmptyComponent: io.reactivex.internal.util.EmptyComponent valueOf(java.lang.String)
io.reactivex.internal.util.ErrorMode: io.reactivex.internal.util.ErrorMode[] values()
io.reactivex.internal.util.ErrorMode: io.reactivex.internal.util.ErrorMode valueOf(java.lang.String)
io.reactivex.internal.util.HashMapSupplier: io.reactivex.internal.util.HashMapSupplier[] values()
io.reactivex.internal.util.HashMapSupplier: io.reactivex.internal.util.HashMapSupplier valueOf(java.lang.String)
io.reactivex.internal.util.ListAddBiConsumer: io.reactivex.internal.util.ListAddBiConsumer[] values()
io.reactivex.internal.util.ListAddBiConsumer: io.reactivex.internal.util.ListAddBiConsumer valueOf(java.lang.String)
io.reactivex.internal.util.NotificationLite: io.reactivex.internal.util.NotificationLite[] values()
io.reactivex.internal.util.NotificationLite: io.reactivex.internal.util.NotificationLite valueOf(java.lang.String)
io.reactivex.observers.BaseTestConsumer$TestWaitStrategy: io.reactivex.observers.BaseTestConsumer$TestWaitStrategy[] values()
io.reactivex.observers.BaseTestConsumer$TestWaitStrategy: io.reactivex.observers.BaseTestConsumer$TestWaitStrategy valueOf(java.lang.String)
io.reactivex.observers.TestObserver$EmptyObserver: io.reactivex.observers.TestObserver$EmptyObserver[] values()
io.reactivex.observers.TestObserver$EmptyObserver: io.reactivex.observers.TestObserver$EmptyObserver valueOf(java.lang.String)
io.reactivex.parallel.ParallelFailureHandling: io.reactivex.parallel.ParallelFailureHandling[] values()
io.reactivex.parallel.ParallelFailureHandling: io.reactivex.parallel.ParallelFailureHandling valueOf(java.lang.String)
io.reactivex.subscribers.TestSubscriber$EmptySubscriber: io.reactivex.subscribers.TestSubscriber$EmptySubscriber[] values()
io.reactivex.subscribers.TestSubscriber$EmptySubscriber: io.reactivex.subscribers.TestSubscriber$EmptySubscriber valueOf(java.lang.String)