app/build/outputs/mapping/release/mapping.txt
com.spark.mistore.QFinderApp -> com.spark.mistore.QFinderApp:
    com.spark.mistore.data.DataManager mDataManager -> a
    uk.co.chrisjenx.calligraphy.CalligraphyConfig mCalligraphyConfig -> b
    com.spark.mistore.di.components.ApplicationComponent mApplicationComponent -> c
    void <init>() -> <init>
    void onCreate() -> onCreate
    com.spark.mistore.di.components.ApplicationComponent getComponent() -> a
com.spark.mistore.QFinderApp_MembersInjector -> com.spark.mistore.a:
    void injectMDataManager(com.spark.mistore.QFinderApp,com.spark.mistore.data.DataManager) -> a
    void injectMCalligraphyConfig(com.spark.mistore.QFinderApp,uk.co.chrisjenx.calligraphy.CalligraphyConfig) -> a
com.spark.mistore.data.AppDataManager -> com.spark.mistore.a.a:
    android.content.Context mContext -> a
    com.spark.mistore.data.db.DbHelper mDbHelper -> b
    com.spark.mistore.data.prefs.PreferencesHelper mPreferencesHelper -> c
    com.spark.mistore.data.network.ApiHelper mApiHelper -> d
    void <init>(android.content.Context,com.spark.mistore.data.db.DbHelper,com.spark.mistore.data.prefs.PreferencesHelper,com.spark.mistore.data.network.ApiHelper) -> <init>
    java.lang.String getAccessToken() -> a
    java.lang.Long getCurrentUserId() -> b
com.spark.mistore.data.AppDataManager_Factory -> com.spark.mistore.a.b:
    javax.inject.Provider contextProvider -> a
    javax.inject.Provider dbHelperProvider -> b
    javax.inject.Provider preferencesHelperProvider -> c
    javax.inject.Provider apiHelperProvider -> d
    void <init>(javax.inject.Provider,javax.inject.Provider,javax.inject.Provider,javax.inject.Provider) -> <init>
    com.spark.mistore.data.AppDataManager get() -> a
    com.spark.mistore.data.AppDataManager provideInstance(javax.inject.Provider,javax.inject.Provider,javax.inject.Provider,javax.inject.Provider) -> a
    com.spark.mistore.data.AppDataManager_Factory create(javax.inject.Provider,javax.inject.Provider,javax.inject.Provider,javax.inject.Provider) -> b
    java.lang.Object get() -> b
com.spark.mistore.data.DataManager -> com.spark.mistore.a.c:
com.spark.mistore.data.db.AppDbHelper -> com.spark.mistore.a.a.a:
    com.spark.mistore.data.db.model.DaoSession mDaoSession -> a
    void <init>(com.spark.mistore.data.db.DbOpenHelper) -> <init>
com.spark.mistore.data.db.AppDbHelper_Factory -> com.spark.mistore.a.a.b:
    javax.inject.Provider dbOpenHelperProvider -> a
    void <init>(javax.inject.Provider) -> <init>
    com.spark.mistore.data.db.AppDbHelper get() -> a
    com.spark.mistore.data.db.AppDbHelper provideInstance(javax.inject.Provider) -> a
    com.spark.mistore.data.db.AppDbHelper_Factory create(javax.inject.Provider) -> b
    java.lang.Object get() -> b
com.spark.mistore.data.db.DbHelper -> com.spark.mistore.a.a.c:
com.spark.mistore.data.db.DbOpenHelper -> com.spark.mistore.a.a.d:
    void <init>(android.content.Context,java.lang.String) -> <init>
    void onUpgrade(org.greenrobot.greendao.database.Database,int,int) -> a
com.spark.mistore.data.db.DbOpenHelper_Factory -> com.spark.mistore.a.a.e:
    javax.inject.Provider contextProvider -> a
    javax.inject.Provider nameProvider -> b
    void <init>(javax.inject.Provider,javax.inject.Provider) -> <init>
    com.spark.mistore.data.db.DbOpenHelper get() -> a
    com.spark.mistore.data.db.DbOpenHelper provideInstance(javax.inject.Provider,javax.inject.Provider) -> a
    com.spark.mistore.data.db.DbOpenHelper_Factory create(javax.inject.Provider,javax.inject.Provider) -> b
    java.lang.Object get() -> b
com.spark.mistore.data.db.model.DaoMaster -> com.spark.mistore.a.a.a.a:
    void createAllTables(org.greenrobot.greendao.database.Database,boolean) -> a
    void <init>(org.greenrobot.greendao.database.Database) -> <init>
    com.spark.mistore.data.db.model.DaoSession newSession() -> a
...
android.support.v7.widget.ActionMenuPresenter$OverflowPopup -> android.support.v7.widget.d$e:
    android.support.v7.widget.ActionMenuPresenter this$0 -> a
    void <init>(android.support.v7.widget.ActionMenuPresenter,android.content.Context,android.support.v7.view.menu.MenuBuilder,android.view.View,boolean) -> <init>
    void onDismiss() -> e
android.support.v7.widget.ActionMenuPresenter$PopupPresenterCallback -> android.support.v7.widget.d$f:
    android.support.v7.widget.ActionMenuPresenter this$0 -> a
    void <init>(android.support.v7.widget.ActionMenuPresenter) -> <init>
    boolean onOpenSubMenu(android.support.v7.view.menu.MenuBuilder) -> a
    void onCloseMenu(android.support.v7.view.menu.MenuBuilder,boolean) -> a
android.support.v7.widget.ActionMenuPresenter$SavedState -> android.support.v7.widget.d$g:
    int openSubMenuId -> a
    android.os.Parcelable$Creator CREATOR -> CREATOR
    void <init>() -> <init>
    void <init>(android.os.Parcel) -> <init>
    int describeContents() -> describeContents
    void writeToParcel(android.os.Parcel,int) -> writeToParcel
    void <clinit>() -> <clinit>
android.support.v7.widget.ActionMenuPresenter$SavedState$1 -> android.support.v7.widget.d$g$1:
    void <init>() -> <init>
    android.support.v7.widget.ActionMenuPresenter$SavedState createFromParcel(android.os.Parcel) -> a
    android.support.v7.widget.ActionMenuPresenter$SavedState[] newArray(int) -> a
    java.lang.Object[] newArray(int) -> newArray
    java.lang.Object createFromParcel(android.os.Parcel) -> createFromParcel
android.support.v7.widget.ActionMenuView -> android.support.v7.widget.ActionMenuView:
    android.support.v7.view.menu.MenuBuilder mMenu -> c
    android.content.Context mPopupContext -> d
    int mPopupTheme -> e
    boolean mReserveOverflow -> f
    android.support.v7.widget.ActionMenuPresenter mPresenter -> g
    android.support.v7.view.menu.MenuPresenter$Callback mActionMenuPresenterCallback -> h
    android.support.v7.view.menu.MenuBuilder$Callback mMenuBuilderCallback -> a
    boolean mFormatItems -> i
    int mFormatItemsWidth -> j
    int mMinCellSize -> k
    int mGeneratedItemPadding -> l
    android.support.v7.widget.ActionMenuView$OnMenuItemClickListener mOnMenuItemClickListener -> b
    void <init>(android.content.Context) -> <init>
    void <init>(android.content.Context,android.util.AttributeSet) -> <init>
    void setPopupTheme(int) -> setPopupTheme
    int getPopupTheme() -> getPopupTheme
    void setPresenter(android.support.v7.widget.ActionMenuPresenter) -> setPresenter
    void onConfigurationChanged(android.content.res.Configuration) -> onConfigurationChanged
    void setOnMenuItemClickListener(android.support.v7.widget.ActionMenuView$OnMenuItemClickListener) -> setOnMenuItemClickListener
    void onMeasure(int,int) -> onMeasure
    void onMeasureExactFormat(int,int) -> c
    int measureChildForCells(android.view.View,int,int,int,int) -> a
    void onLayout(boolean,int,int,int,int) -> onLayout
    void onDetachedFromWindow() -> onDetachedFromWindow
android.support.v7.widget.ActionMenuView$ActionMenuChildView -> android.support.v7.widget.ActionMenuView$a:
    boolean needsDividerBefore() -> c
    boolean needsDividerAfter() -> d
android.support.v7.widget.ActionMenuView$ActionMenuPresenterCallback -> android.support.v7.widget.ActionMenuView$b:
    void <init>() -> <init>
    void onCloseMenu(android.support.v7.view.menu.MenuBuilder,boolean) -> a
    boolean onOpenSubMenu(android.support.v7.view.menu.MenuBuilder) -> a