app/build/outputs/mapping/release/usage.txt
com.spark.mistore.BuildConfig
com.spark.mistore.QFinderApp:
    57:58:public void setComponent(com.spark.mistore.di.components.ApplicationComponent)
com.spark.mistore.QFinderApp_MembersInjector:
    private final javax.inject.Provider mDataManagerProvider
    private final javax.inject.Provider mCalligraphyConfigProvider
    20:23:public QFinderApp_MembersInjector(javax.inject.Provider,javax.inject.Provider)
    28:28:public static dagger.MembersInjector create(javax.inject.Provider,javax.inject.Provider)
    33:35:public void injectMembers(com.spark.mistore.QFinderApp)
    9:9:public bridge synthetic void injectMembers(java.lang.Object)
com.spark.mistore.R
com.spark.mistore.R$anim
com.spark.mistore.R$animator
com.spark.mistore.R$attr
com.spark.mistore.R$bool
com.spark.mistore.R$color
com.spark.mistore.R$dimen
com.spark.mistore.R$drawable
com.spark.mistore.R$id
com.spark.mistore.R$integer
com.spark.mistore.R$interpolator
com.spark.mistore.R$layout
com.spark.mistore.R$menu
com.spark.mistore.R$mipmap
com.spark.mistore.R$string
com.spark.mistore.R$style
com.spark.mistore.R$styleable
com.spark.mistore.R$xml
com.spark.mistore.data.AppDataManager:
    private static final java.lang.String TAG
    61:61:public com.spark.mistore.data.network.ApiHeader getApiHeader()
    71:73:public void setAccessToken(java.lang.String)
    77:77:public io.reactivex.Observable insertUser(com.spark.mistore.data.db.model.User)
    82:82:public io.reactivex.Observable getAllUsers()
    88:88:public io.reactivex.Observable doGoogleLoginApiCall(com.spark.mistore.data.network.model.LoginRequest$GoogleLoginRequest)
    94:94:public io.reactivex.Observable doFacebookLoginApiCall(com.spark.mistore.data.network.model.LoginRequest$FacebookLoginRequest)
    100:100:public io.reactivex.Observable doServerLoginApiCall(com.spark.mistore.data.network.model.LoginRequest$ServerLoginRequest)
    105:105:public io.reactivex.Observable doGetLoginUserApiCall(com.spark.mistore.data.network.model.LoginUserRequest)
    110:110:public io.reactivex.Observable doLogoutApiCall()
    115:115:public int getCurrentUserLoggedInMode()
    120:121:public void setCurrentUserLoggedInMode(com.spark.mistore.data.DataManager$LoggedInMode)
    130:131:public void setCurrentUserId(java.lang.Long)
    135:135:public java.lang.String getCurrentUserName()
    140:141:public void setCurrentUserName(java.lang.String)
    145:145:public java.lang.String getCurrentUserEmail()
    150:151:public void setCurrentUserEmail(java.lang.String)
    155:155:public java.lang.String getCurrentUserProfilePicUrl()
com.spark.mistore.data.AppDataManager$1
com.spark.mistore.data.AppDataManager$2
com.spark.mistore.data.AppDataManager$2$1
com.spark.mistore.data.AppDataManager_Factory:
    67:67:public static com.spark.mistore.data.AppDataManager newAppDataManager(android.content.Context,com.spark.mistore.data.db.DbHelper,com.spark.mistore.data.prefs.PreferencesHelper,com.spark.mistore.data.network.ApiHelper)
com.spark.mistore.data.DataManager:
    public abstract void updateApiHeader(java.lang.Long,java.lang.String)
    public abstract void setUserAsLoggedOut()
    public abstract io.reactivex.Observable seedDatabaseQuestions()
    public abstract io.reactivex.Observable seedDatabaseOptions()
    public abstract void updateUserInfo(java.lang.String,java.lang.Long,com.spark.mistore.data.DataManager$LoggedInMode,java.lang.String,java.lang.String,java.lang.String)
com.spark.mistore.data.DataManager$LoggedInMode
...
io.reactivex.internal.operators.observable.ObservableDematerialize
io.reactivex.internal.operators.observable.ObservableDematerialize$DematerializeObserver
io.reactivex.internal.operators.observable.ObservableDetach
io.reactivex.internal.operators.observable.ObservableDetach$DetachObserver
io.reactivex.internal.operators.observable.ObservableDistinct
io.reactivex.internal.operators.observable.ObservableDistinct$DistinctObserver
io.reactivex.internal.operators.observable.ObservableDistinctUntilChanged
io.reactivex.internal.operators.observable.ObservableDistinctUntilChanged$DistinctUntilChangedObserver
io.reactivex.internal.operators.observable.ObservableDoAfterNext
io.reactivex.internal.operators.observable.ObservableDoAfterNext$DoAfterObserver
io.reactivex.internal.operators.observable.ObservableDoFinally
io.reactivex.internal.operators.observable.ObservableDoFinally$DoFinallyObserver
io.reactivex.internal.operators.observable.ObservableDoOnEach
io.reactivex.internal.operators.observable.ObservableDoOnEach$DoOnEachObserver
io.reactivex.internal.operators.observable.ObservableDoOnLifecycle
io.reactivex.internal.operators.observable.ObservableElementAt
io.reactivex.internal.operators.observable.ObservableElementAt$ElementAtObserver
io.reactivex.internal.operators.observable.ObservableElementAtMaybe
io.reactivex.internal.operators.observable.ObservableElementAtMaybe$ElementAtObserver
io.reactivex.internal.operators.observable.ObservableElementAtSingle
io.reactivex.internal.operators.observable.ObservableElementAtSingle$ElementAtObserver
io.reactivex.internal.operators.observable.ObservableEmpty
io.reactivex.internal.operators.observable.ObservableError
io.reactivex.internal.operators.observable.ObservableFilter
io.reactivex.internal.operators.observable.ObservableFilter$FilterObserver
io.reactivex.internal.operators.observable.ObservableFlatMap
io.reactivex.internal.operators.observable.ObservableFlatMap$InnerObserver
io.reactivex.internal.operators.observable.ObservableFlatMap$MergeObserver
io.reactivex.internal.operators.observable.ObservableFlatMapCompletable
io.reactivex.internal.operators.observable.ObservableFlatMapCompletable$FlatMapCompletableMainObserver
io.reactivex.internal.operators.observable.ObservableFlatMapCompletable$FlatMapCompletableMainObserver$InnerObserver
io.reactivex.internal.operators.observable.ObservableFlatMapCompletableCompletable
io.reactivex.internal.operators.observable.ObservableFlatMapCompletableCompletable$FlatMapCompletableMainObserver
io.reactivex.internal.operators.observable.ObservableFlatMapCompletableCompletable$FlatMapCompletableMainObserver$InnerObserver
io.reactivex.internal.operators.observable.ObservableFlatMapMaybe
io.reactivex.internal.operators.observable.ObservableFlatMapMaybe$FlatMapMaybeObserver
io.reactivex.internal.operators.observable.ObservableFlatMapMaybe$FlatMapMaybeObserver$InnerObserver
io.reactivex.internal.operators.observable.ObservableFlatMapSingle
io.reactivex.internal.operators.observable.ObservableFlatMapSingle$FlatMapSingleObserver
io.reactivex.internal.operators.observable.ObservableFlatMapSingle$FlatMapSingleObserver$InnerObserver
io.reactivex.internal.operators.observable.ObservableFlattenIterable
io.reactivex.internal.operators.observable.ObservableFlattenIterable$FlattenIterableObserver
io.reactivex.internal.operators.observable.ObservableFromArray
io.reactivex.internal.operators.observable.ObservableFromArray$FromArrayDisposable
io.reactivex.internal.operators.observable.ObservableFromCallable
io.reactivex.internal.operators.observable.ObservableFromFuture
io.reactivex.internal.operators.observable.ObservableFromIterable
io.reactivex.internal.operators.observable.ObservableFromIterable$FromIterableDisposable
io.reactivex.internal.operators.observable.ObservableFromPublisher
io.reactivex.internal.operators.observable.ObservableFromPublisher$PublisherSubscriber
io.reactivex.internal.operators.observable.ObservableFromUnsafeSource